ABCAndroid/build/outputs/apk/manifest-merger-debug-report.txt
-- Merging decision tree log ---
manifest
ADDED from AndroidManifest.xml:1:1
	xmlns:android
		ADDED from AndroidManifest.xml:1:11
	package
		ADDED from AndroidManifest.xml:2:5
	android:versionName
		ADDED from AndroidManifest.xml:4:5
	android:versionCode
		ADDED from AndroidManifest.xml:3:5
		INJECTED from AndroidManifest.xml:0:0
		INJECTED from AndroidManifest.xml:0:0
uses-sdk
ADDED from AndroidManifest.xml:6:5
	android:targetSdkVersion
		ADDED from AndroidManifest.xml:8:9
	android:minSdkVersion
		ADDED from AndroidManifest.xml:7:9
uses-permission#android.permission.ACCESS_WIFI_STATE
ADDED from AndroidManifest.xml:10:5
	android:name
		ADDED from AndroidManifest.xml:10:22
uses-permission#android.permission.WRITE_EXTERNAL_STORAGE
ADDED from AndroidManifest.xml:11:5
	android:name
		ADDED from AndroidManifest.xml:11:22
uses-permission#android.permission.INTERNET
ADDED from AndroidManifest.xml:12:5
	android:name
		ADDED from AndroidManifest.xml:12:22
uses-permission#android.permission.VIBRATE
ADDED from AndroidManifest.xml:13:5
	android:name
		ADDED from AndroidManifest.xml:13:22
uses-permission#android.permission.GET_TASKS
ADDED from AndroidManifest.xml:15:5
	android:name
		ADDED from AndroidManifest.xml:15:22
uses-permission#android.permission.REORDER_TASKS
ADDED from AndroidManifest.xml:16:5
	android:name
		ADDED from AndroidManifest.xml:16:22
application
ADDED from AndroidManifest.xml:18:5
	android:label
		ADDED from AndroidManifest.xml:21:9
	android:icon
		ADDED from AndroidManifest.xml:20:9
	android:theme
		ADDED from AndroidManifest.xml:22:9
	android:name
		ADDED from AndroidManifest.xml:19:9
activity#me.longerian.abcandroid.MainActivity
ADDED from AndroidManifest.xml:23:9
	android:label
		ADDED from AndroidManifest.xml:25:13
	android:name
		ADDED from AndroidManifest.xml:24:13
activity#me.longerian.abcandroid.BackupDBActivity
ADDED from AndroidManifest.xml:32:9
	android:label
		ADDED from AndroidManifest.xml:34:13
	android:name
		ADDED from AndroidManifest.xml:33:13
activity#me.longerian.abcandroid.HtmlTestActivity
ADDED from AndroidManifest.xml:41:9
	android:label
		ADDED from AndroidManifest.xml:43:13
	android:name
		ADDED from AndroidManifest.xml:42:13
activity#me.longerian.abcandroid.droplist.QQListDropdownActivity
ADDED from AndroidManifest.xml:50:9
	android:label
		ADDED from AndroidManifest.xml:52:13
	android:name
		ADDED from AndroidManifest.xml:51:13
activity#me.longerian.abcandroid.listsidebar.ListSidebarActivity
ADDED from AndroidManifest.xml:59:9
	android:label
		ADDED from AndroidManifest.xml:61:13
	android:name
		ADDED from AndroidManifest.xml:60:13
activity#me.longerian.abcandroid.imageuri.ImageActivity
ADDED from AndroidManifest.xml:68:9
	android:label
		ADDED from AndroidManifest.xml:70:13
	android:name
		ADDED from AndroidManifest.xml:69:13
activity#me.longerian.abcandroid.imagescale.ImageScale
ADDED from AndroidManifest.xml:77:9
	android:label
		ADDED from AndroidManifest.xml:79:13
	android:name
		ADDED from AndroidManifest.xml:78:13
activity#me.longerian.abcandroid.listitemlongclick.ListItemLongClickActivity
ADDED from AndroidManifest.xml:86:9
	android:label
		ADDED from AndroidManifest.xml:88:13
	android:name
		ADDED from AndroidManifest.xml:87:13
activity#me.longerian.abcandroid.nestclick.NestClickActivity
ADDED from AndroidManifest.xml:95:9
	android:label
		ADDED from AndroidManifest.xml:97:13
	android:name
		ADDED from AndroidManifest.xml:96:13
activity#me.longerian.abcandroid.strformat.StringFormatActivity
ADDED from AndroidManifest.xml:104:9
	android:label
		ADDED from AndroidManifest.xml:106:13
	android:name
		ADDED from AndroidManifest.xml:105:13
activity#me.longerian.abcandroid.gallery.GalleryActivity
ADDED from AndroidManifest.xml:113:9
	android:label
		ADDED from AndroidManifest.xml:115:13
	android:name
		ADDED from AndroidManifest.xml:114:13
activity#me.longerian.abcandroid.searchable.SearchableActivity
ADDED from AndroidManifest.xml:122:9
	android:label
		ADDED from AndroidManifest.xml:124:13
	android:name
		ADDED from AndroidManifest.xml:123:13
provider#me.longerian.abcandroid.searchable.AppSuggestionProvider
ADDED from AndroidManifest.xml:134:9
	android:exported
		ADDED from AndroidManifest.xml:136:15
	android:authorities
		ADDED from AndroidManifest.xml:135:15
	android:name
		ADDED from AndroidManifest.xml:134:19
activity#me.longerian.abcandroid.customuri.CustomUri
ADDED from AndroidManifest.xml:138:9
	android:label
		ADDED from AndroidManifest.xml:140:13
	android:name
		ADDED from AndroidManifest.xml:139:13
activity#me.longerian.abcandroid.pinnedheaderlist.PinnedHeaderListActivity
ADDED from AndroidManifest.xml:147:9
	android:label
		ADDED from AndroidManifest.xml:149:13
	android:name
		ADDED from AndroidManifest.xml:148:13
activity#me.longerian.abcandroid.dialog.DialogMainActivity
ADDED from AndroidManifest.xml:156:9
	android:label
		ADDED from AndroidManifest.xml:158:13
	android:name
		ADDED from AndroidManifest.xml:157:13
activity#me.longerian.abcandroid.dialog.DialogStyleActivity
ADDED from AndroidManifest.xml:165:9
	android:label
		ADDED from AndroidManifest.xml:167:13
	android:theme
		ADDED from AndroidManifest.xml:168:13
	android:name
		ADDED from AndroidManifest.xml:166:13
activity#me.longerian.abcandroid.uniqueview.UniqueViewActivity
ADDED from AndroidManifest.xml:170:9
	android:label
		ADDED from AndroidManifest.xml:172:13
	android:name
		ADDED from AndroidManifest.xml:171:13
activity#me.longerian.abcandroid.progressbarstyle.ProgressBarStyle
ADDED from AndroidManifest.xml:179:9
	android:label
		ADDED from AndroidManifest.xml:181:13
	android:name
		ADDED from AndroidManifest.xml:180:13
activity#me.longerian.abcandroid.cp.CPActivity
ADDED from AndroidManifest.xml:188:9
	android:label
		ADDED from AndroidManifest.xml:190:13
	android:name
		ADDED from AndroidManifest.xml:189:13
activity#me.longerian.abcandroid.animation.AnimationActivity
ADDED from AndroidManifest.xml:197:9
	android:label
		ADDED from AndroidManifest.xml:199:13
	android:name
		ADDED from AndroidManifest.xml:198:13
activity#me.longerian.abcandroid.animation2.Animation2Activity
ADDED from AndroidManifest.xml:206:9
	android:label
		ADDED from AndroidManifest.xml:208:13
	android:name
		ADDED from AndroidManifest.xml:207:13
activity#me.longerian.abcandroid.language.LanguageActivity
ADDED from AndroidManifest.xml:215:9
	android:label
		ADDED from AndroidManifest.xml:217:13
	android:name
		ADDED from AndroidManifest.xml:216:13
activity#me.longerian.abcandroid.scroll.ScrollTestActivity
ADDED from AndroidManifest.xml:224:9
	android:label
		ADDED from AndroidManifest.xml:226:13
	android:name
		ADDED from AndroidManifest.xml:225:13
activity#me.longerian.abcandroid.launchsi.LaunchSingleInstance
ADDED from AndroidManifest.xml:233:9
	android:label
		ADDED from AndroidManifest.xml:235:13
	android:name
		ADDED from AndroidManifest.xml:234:13
activity#me.longerian.abcandroid.vibrate.VibratorTest
ADDED from AndroidManifest.xml:242:9
	android:label
		ADDED from AndroidManifest.xml:244:13
	android:name
		ADDED from AndroidManifest.xml:243:13
activity#me.longerian.abcandroid.notification.NotificationTest
ADDED from AndroidManifest.xml:251:9
	android:label
		ADDED from AndroidManifest.xml:253:13
	android:name
		ADDED from AndroidManifest.xml:252:13
activity#me.longerian.abcandroid.pullview.PullableViewActivity
ADDED from AndroidManifest.xml:260:9
	android:label
		ADDED from AndroidManifest.xml:262:13
	android:name
		ADDED from AndroidManifest.xml:261:13
activity#me.longerian.abcandroid.cputype.CpuTypeGetter
ADDED from AndroidManifest.xml:269:9
	android:label
		ADDED from AndroidManifest.xml:271:13
	android:name
		ADDED from AndroidManifest.xml:270:13
activity#me.longerian.abcandroid.viewfinderview.ViewFinderActivity
ADDED from AndroidManifest.xml:278:9
	android:label
		ADDED from AndroidManifest.xml:280:13
	android:name
		ADDED from AndroidManifest.xml:279:13
activity#me.longerian.abcandroid.matrix.MatrixTest
ADDED from AndroidManifest.xml:287:9
	android:label
		ADDED from AndroidManifest.xml:289:13
	android:name
		ADDED from AndroidManifest.xml:288:13
activity#me.longerian.abcandroid.imagecompositing.ChoosePictureComposite
ADDED from AndroidManifest.xml:296:9
	android:label
		ADDED from AndroidManifest.xml:298:13
	android:name
		ADDED from AndroidManifest.xml:297:13
activity#me.longerian.abcandroid.graphictouch.GraphicAndTouch
ADDED from AndroidManifest.xml:305:9
	android:label
		ADDED from AndroidManifest.xml:307:13
	android:name
		ADDED from AndroidManifest.xml:306:13
activity#me.longerian.abcandroid.graphictouch.SimpleFingerDraw
ADDED from AndroidManifest.xml:314:9
	android:label
		ADDED from AndroidManifest.xml:316:13
	android:name
		ADDED from AndroidManifest.xml:315:13
activity#me.longerian.abcandroid.audio.CustomAudioPlayer
ADDED from AndroidManifest.xml:323:9
	android:label
		ADDED from AndroidManifest.xml:325:13
	android:name
		ADDED from AndroidManifest.xml:324:13
activity#me.longerian.abcandroid.audio.AudioBrowser
ADDED from AndroidManifest.xml:332:9
	android:label
		ADDED from AndroidManifest.xml:334:13
	android:name
		ADDED from AndroidManifest.xml:333:13
activity#me.longerian.abcandroid.copyapk.CopyApk
ADDED from AndroidManifest.xml:341:9
	android:label
		ADDED from AndroidManifest.xml:343:13
	android:name
		ADDED from AndroidManifest.xml:342:13
activity#me.longerian.abcandroid.macaddress.MacAddress
ADDED from AndroidManifest.xml:350:9
	android:label
		ADDED from AndroidManifest.xml:352:13
	android:name
		ADDED from AndroidManifest.xml:351:13
activity#me.longerian.abcandroid.tiledview.TiledLayoutActivity
ADDED from AndroidManifest.xml:359:9
	android:label
		ADDED from AndroidManifest.xml:361:13
	android:name
		ADDED from AndroidManifest.xml:360:13
activity#me.longerian.abcandroid.bannerview.BannerActivity2
ADDED from AndroidManifest.xml:368:9
	android:label
		ADDED from AndroidManifest.xml:370:13
	android:name
		ADDED from AndroidManifest.xml:369:13
activity#me.longerian.abcandroid.stickyheadgrid.sample.StickyHeaderGridActivity
ADDED from AndroidManifest.xml:377:9
	android:label
		ADDED from AndroidManifest.xml:379:13
	android:name
		ADDED from AndroidManifest.xml:378:13
activity#me.longerian.abcandroid.listgrid.ListGridActivity
ADDED from AndroidManifest.xml:386:9
	android:label
		ADDED from AndroidManifest.xml:388:13
	android:name
		ADDED from AndroidManifest.xml:387:13
activity#me.longerian.abcandroid.audioplay.PlayIndicatorActivity
ADDED from AndroidManifest.xml:395:9
	android:label
		ADDED from AndroidManifest.xml:397:13
	android:name
		ADDED from AndroidManifest.xml:396:13
activity#me.longerian.abcandroid.showcase.ShowcaseActivity
ADDED from AndroidManifest.xml:404:9
	android:label
		ADDED from AndroidManifest.xml:406:13
	android:name
		ADDED from AndroidManifest.xml:405:13
activity#me.longerian.abcandroid.VideoViewTestActivity
ADDED from AndroidManifest.xml:413:9
	android:label
		ADDED from AndroidManifest.xml:415:13
	android:name
		ADDED from AndroidManifest.xml:414:13
activity#me.longerian.abcandroid.usbdetection.UsbDectectorTest
ADDED from AndroidManifest.xml:422:9
	android:label
		ADDED from AndroidManifest.xml:424:13
	android:name
		ADDED from AndroidManifest.xml:423:13
activity#me.longerian.abcandroid.processtextview.ProgressTextViewActivity
ADDED from AndroidManifest.xml:431:9
	android:label
		ADDED from AndroidManifest.xml:433:13
	android:name
		ADDED from AndroidManifest.xml:432:13
activity#me.longerian.abcandroid.apkparser.ParserActivity
ADDED from AndroidManifest.xml:440:9
	android:label
		ADDED from AndroidManifest.xml:442:13
	android:name
		ADDED from AndroidManifest.xml:441:13
activity#me.longerian.abcandroid.shop.ShopActivity2
ADDED from AndroidManifest.xml:449:9
	android:label
		ADDED from AndroidManifest.xml:451:13
	android:name
		ADDED from AndroidManifest.xml:450:13
activity#me.longerian.abcandroid.textlayout.TextLayout
ADDED from AndroidManifest.xml:458:9
	android:label
		ADDED from AndroidManifest.xml:460:13
	android:name
		ADDED from AndroidManifest.xml:459:13
activity#me.longerian.androidhacks.CascadeLayoutActivity
ADDED from AndroidManifest.xml:467:9
	android:name
		ADDED from AndroidManifest.xml:467:19
activity#me.longerian.abcandroid.dynamicwebview.DynamicWebViewActivity
ADDED from AndroidManifest.xml:473:9
	android:name
		ADDED from AndroidManifest.xml:473:19
activity#me.longerian.abcandroid.viewdrawhelper.DragLayoutActivity
ADDED from AndroidManifest.xml:479:9
	android:theme
		ADDED from AndroidManifest.xml:480:17
	android:name
		ADDED from AndroidManifest.xml:479:19
activity#me.longerian.abcandroid.viewdrawhelper.DragDemoActivity
ADDED from AndroidManifest.xml:482:9
	android:name
		ADDED from AndroidManifest.xml:482:19
intent-filter#android.intent.action.MAIN+android.intent.category.LAUNCHER
ADDED from AndroidManifest.xml:483:13
action#android.intent.action.MAIN
ADDED from AndroidManifest.xml:484:17
	android:name
		ADDED from AndroidManifest.xml:484:25
category#android.intent.category.LAUNCHER
ADDED from AndroidManifest.xml:485:17
	android:name
		ADDED from AndroidManifest.xml:485:27